<?xml version="1.0" encoding="UTF-8"?>
<!-- Generated by org.testng.reporters.JUnitReportReporter -->
<testsuite hostname="DESKTOP-B6PQI5G" failures="0" tests="1" name="Automation.user.PlaceOrder" time="0.080" errors="0" timestamp="2023-10-10T12:09:47 IST" skipped="0">
  <testcase classname="Automation.user.PlaceOrder" name="placeorder" time="0.080"/>
  <system-out/>
</testsuite> <!-- Automation.user.PlaceOrder -->
