<?xml version="1.0" encoding="UTF-8"?>
<!-- Generated by org.testng.reporters.JUnitReportReporter -->
<testsuite hostname="DESKTOP-B6PQI5G" failures="0" tests="1" name="Automation.user.GetRestaurantByName" time="0.076" errors="0" timestamp="2023-10-11T22:01:27 IST" skipped="0">
  <testcase classname="Automation.user.GetRestaurantByName" name="getbyname" time="0.076"/>
  <system-out/>
</testsuite> <!-- Automation.user.GetRestaurantByName -->
