<?xml version="1.0" encoding="UTF-8"?>
<!-- Generated by org.testng.reporters.JUnitReportReporter -->
<testsuite hostname="DESKTOP-B6PQI5G" failures="0" tests="1" name="Automation.Admin.ApproveRestaurant" time="0.112" errors="0" timestamp="2023-10-13T08:52:17 IST" skipped="0">
  <testcase classname="Automation.Admin.ApproveRestaurant" name="approveresto" time="0.112"/>
  <system-out/>
</testsuite> <!-- Automation.Admin.ApproveRestaurant -->
