<?xml version="1.0" encoding="UTF-8"?>
<!-- Generated by org.testng.reporters.JUnitReportReporter -->
<testsuite hostname="DESKTOP-B6PQI5G" failures="0" tests="1" name="Automation.Admin.RejectRestaurant" time="0.107" errors="0" timestamp="2023-10-10T12:09:48 IST" skipped="0">
  <testcase classname="Automation.Admin.RejectRestaurant" name="rejectresto" time="0.107"/>
  <system-out/>
</testsuite> <!-- Automation.Admin.RejectRestaurant -->
