<?xml version="1.0" encoding="UTF-8"?>
<!-- Generated by org.testng.reporters.JUnitReportReporter -->
<testsuite hostname="DESKTOP-B6PQI5G" failures="0" tests="1" name="Automation.Admin.GetAllRating" time="2.251" errors="0" timestamp="2023-10-16T20:13:41 IST" skipped="0">
  <testcase classname="Automation.Admin.GetAllRating" name="getallrating" time="2.251"/>
  <system-out/>
</testsuite> <!-- Automation.Admin.GetAllRating -->
