<?xml version="1.0" encoding="UTF-8"?>
<!-- Generated by org.testng.reporters.JUnitReportReporter -->
<testsuite hostname="DESKTOP-B6PQI5G" failures="0" tests="1" name="Automation.Restaurant.DeleteDish" time="0.380" errors="0" timestamp="2023-10-10T12:09:48 IST" skipped="0">
  <testcase classname="Automation.Restaurant.DeleteDish" name="Deletedish" time="0.380"/>
  <system-out/>
</testsuite> <!-- Automation.Restaurant.DeleteDish -->
