<?xml version="1.0" encoding="UTF-8"?>
<!-- Generated by org.testng.reporters.JUnitReportReporter -->
<testsuite hostname="DESKTOP-B6PQI5G" failures="0" tests="1" name="Automation.Restaurant.GetDishByid" time="0.037" errors="0" timestamp="2023-10-11T22:01:27 IST" skipped="0">
  <testcase classname="Automation.Restaurant.GetDishByid" name="getDishbyid" time="0.037"/>
  <system-out/>
</testsuite> <!-- Automation.Restaurant.GetDishByid -->
