<?xml version="1.0" encoding="UTF-8"?>
<!-- Generated by org.testng.reporters.JUnitReportReporter -->
<testsuite hostname="DESKTOP-B6PQI5G" failures="0" tests="1" name="Automation.GetAllRestaurant" time="0.222" errors="0" timestamp="2023-10-10T12:09:47 IST" skipped="0">
  <testcase classname="Automation.GetAllRestaurant" name="GetAll" time="0.222"/>
  <system-out/>
</testsuite> <!-- Automation.GetAllRestaurant -->
