<?xml version="1.0" encoding="UTF-8"?>
<!-- Generated by org.testng.reporters.JUnitReportReporter -->
<testsuite hostname="DESKTOP-B6PQI5G" failures="0" tests="1" name="Automation.AddRestaurant" time="1.954" errors="0" timestamp="2023-10-11T22:01:27 IST" skipped="0">
  <testcase classname="Automation.AddRestaurant" name="Addresto" time="1.954"/>
  <system-out/>
</testsuite> <!-- Automation.AddRestaurant -->
